This is pdfTeX, Version 3.14159265-2.6-1.40.16 (TeX Live 2015) (preloaded format=pdflatex 2016.1.10)  2 DEC 2016 11:21
entering extended mode
 restricted \write18 enabled.
 file:line:error style messages enabled.
 %&-line parsing enabled.
**bare_conf.tex
(./bare_conf.tex
LaTeX2e <2015/01/01>
Babel <3.9l> and hyphenation patterns for 79 languages loaded.
(./IEEEtran.cls
Document Class: IEEEtran 2015/08/26 V1.8b by Michael Shell
-- See the "IEEEtran_HOWTO" manual for usage information.
-- http://www.michaelshell.org/tex/ieeetran/
\@IEEEtrantmpdimenA=\dimen102
\@IEEEtrantmpdimenB=\dimen103
\@IEEEtrantmpdimenC=\dimen104
\@IEEEtrantmpcountA=\count79
\@IEEEtrantmpcountB=\count80
\@IEEEtrantmpcountC=\count81
\@IEEEtrantmptoksA=\toks14
LaTeX Font Info:    Try loading font information for OT1+ptm on input line 503.

(/usr/local/texlive/2015/texmf-dist/tex/latex/psnfss/ot1ptm.fd
File: ot1ptm.fd 2001/06/04 font definitions for OT1/ptm.
)
-- Using 8.5in x 11in (letter) paper.
-- Using PDF output.
\@IEEEnormalsizeunitybaselineskip=\dimen105
-- This is a 10 point document.
\CLASSINFOnormalsizebaselineskip=\dimen106
\CLASSINFOnormalsizeunitybaselineskip=\dimen107
\IEEEnormaljot=\dimen108
LaTeX Font Info:    Font shape `OT1/ptm/bx/n' in size <5> not available
(Font)              Font shape `OT1/ptm/b/n' tried instead on input line 1090.
LaTeX Font Info:    Font shape `OT1/ptm/bx/it' in size <5> not available
(Font)              Font shape `OT1/ptm/b/it' tried instead on input line 1090.

LaTeX Font Info:    Font shape `OT1/ptm/bx/n' in size <7> not available
(Font)              Font shape `OT1/ptm/b/n' tried instead on input line 1090.
LaTeX Font Info:    Font shape `OT1/ptm/bx/it' in size <7> not available
(Font)              Font shape `OT1/ptm/b/it' tried instead on input line 1090.

LaTeX Font Info:    Font shape `OT1/ptm/bx/n' in size <8> not available
(Font)              Font shape `OT1/ptm/b/n' tried instead on input line 1090.
LaTeX Font Info:    Font shape `OT1/ptm/bx/it' in size <8> not available
(Font)              Font shape `OT1/ptm/b/it' tried instead on input line 1090.

LaTeX Font Info:    Font shape `OT1/ptm/bx/n' in size <9> not available
(Font)              Font shape `OT1/ptm/b/n' tried instead on input line 1090.
LaTeX Font Info:    Font shape `OT1/ptm/bx/it' in size <9> not available
(Font)              Font shape `OT1/ptm/b/it' tried instead on input line 1090.

LaTeX Font Info:    Font shape `OT1/ptm/bx/n' in size <10> not available
(Font)              Font shape `OT1/ptm/b/n' tried instead on input line 1090.
LaTeX Font Info:    Font shape `OT1/ptm/bx/it' in size <10> not available
(Font)              Font shape `OT1/ptm/b/it' tried instead on input line 1090.

LaTeX Font Info:    Font shape `OT1/ptm/bx/n' in size <11> not available
(Font)              Font shape `OT1/ptm/b/n' tried instead on input line 1090.
LaTeX Font Info:    Font shape `OT1/ptm/bx/it' in size <11> not available
(Font)              Font shape `OT1/ptm/b/it' tried instead on input line 1090.

LaTeX Font Info:    Font shape `OT1/ptm/bx/n' in size <12> not available
(Font)              Font shape `OT1/ptm/b/n' tried instead on input line 1090.
LaTeX Font Info:    Font shape `OT1/ptm/bx/it' in size <12> not available
(Font)              Font shape `OT1/ptm/b/it' tried instead on input line 1090.

LaTeX Font Info:    Font shape `OT1/ptm/bx/n' in size <17> not available
(Font)              Font shape `OT1/ptm/b/n' tried instead on input line 1090.
LaTeX Font Info:    Font shape `OT1/ptm/bx/it' in size <17> not available
(Font)              Font shape `OT1/ptm/b/it' tried instead on input line 1090.

LaTeX Font Info:    Font shape `OT1/ptm/bx/n' in size <20> not available
(Font)              Font shape `OT1/ptm/b/n' tried instead on input line 1090.
LaTeX Font Info:    Font shape `OT1/ptm/bx/it' in size <20> not available
(Font)              Font shape `OT1/ptm/b/it' tried instead on input line 1090.

LaTeX Font Info:    Font shape `OT1/ptm/bx/n' in size <24> not available
(Font)              Font shape `OT1/ptm/b/n' tried instead on input line 1090.
LaTeX Font Info:    Font shape `OT1/ptm/bx/it' in size <24> not available
(Font)              Font shape `OT1/ptm/b/it' tried instead on input line 1090.

\IEEEquantizedlength=\dimen109
\IEEEquantizedlengthdiff=\dimen110
\IEEEquantizedtextheightdiff=\dimen111
\IEEEilabelindentA=\dimen112
\IEEEilabelindentB=\dimen113
\IEEEilabelindent=\dimen114
\IEEEelabelindent=\dimen115
\IEEEdlabelindent=\dimen116
\IEEElabelindent=\dimen117
\IEEEiednormlabelsep=\dimen118
\IEEEiedmathlabelsep=\dimen119
\IEEEiedtopsep=\skip41
\c@section=\count82
\c@subsection=\count83
\c@subsubsection=\count84
\c@paragraph=\count85
\c@IEEEsubequation=\count86
\abovecaptionskip=\skip42
\belowcaptionskip=\skip43
\c@figure=\count87
\c@table=\count88
\@IEEEeqnnumcols=\count89
\@IEEEeqncolcnt=\count90
\@IEEEsubeqnnumrollback=\count91
\@IEEEquantizeheightA=\dimen120
\@IEEEquantizeheightB=\dimen121
\@IEEEquantizeheightC=\dimen122
\@IEEEquantizeprevdepth=\dimen123
\@IEEEquantizemultiple=\count92
\@IEEEquantizeboxA=\box26
\@IEEEtmpitemindent=\dimen124
\IEEEPARstartletwidth=\dimen125
\c@IEEEbiography=\count93
\@IEEEtranrubishbin=\box27
) (/usr/local/texlive/2015/texmf-dist/tex/latex/preprint/balance.sty
Package: balance 1999/02/23 4.3 (PWD)
\oldvsize=\dimen126
)
(/usr/local/texlive/2015/texmf-dist/tex/latex/amsmath/amsmath.sty
Package: amsmath 2013/01/14 v2.14 AMS math features
\@mathmargin=\skip44

For additional information on amsmath, use the `?' option.
(/usr/local/texlive/2015/texmf-dist/tex/latex/amsmath/amstext.sty
Package: amstext 2000/06/29 v2.01

(/usr/local/texlive/2015/texmf-dist/tex/latex/amsmath/amsgen.sty
File: amsgen.sty 1999/11/30 v2.0
\@emptytoks=\toks15
\ex@=\dimen127
))
(/usr/local/texlive/2015/texmf-dist/tex/latex/amsmath/amsbsy.sty
Package: amsbsy 1999/11/29 v1.2d
\pmbraise@=\dimen128
)
(/usr/local/texlive/2015/texmf-dist/tex/latex/amsmath/amsopn.sty
Package: amsopn 1999/12/14 v2.01 operator names
)
\inf@bad=\count94
LaTeX Info: Redefining \frac on input line 210.
\uproot@=\count95
\leftroot@=\count96
LaTeX Info: Redefining \overline on input line 306.
\classnum@=\count97
\DOTSCASE@=\count98
LaTeX Info: Redefining \ldots on input line 378.
LaTeX Info: Redefining \dots on input line 381.
LaTeX Info: Redefining \cdots on input line 466.
\Mathstrutbox@=\box28
\strutbox@=\box29
\big@size=\dimen129
LaTeX Font Info:    Redeclaring font encoding OML on input line 566.
LaTeX Font Info:    Redeclaring font encoding OMS on input line 567.
\macc@depth=\count99
\c@MaxMatrixCols=\count100
\dotsspace@=\muskip10
\c@parentequation=\count101
\dspbrk@lvl=\count102
\tag@help=\toks16
\row@=\count103
\column@=\count104
\maxfields@=\count105
\andhelp@=\toks17
\eqnshift@=\dimen130
\alignsep@=\dimen131
\tagshift@=\dimen132
\tagwidth@=\dimen133
\totwidth@=\dimen134
\lineht@=\dimen135
\@envbody=\toks18
\multlinegap=\skip45
\multlinetaggap=\skip46
\mathdisplay@stack=\toks19
LaTeX Info: Redefining \[ on input line 2665.
LaTeX Info: Redefining \] on input line 2666.
)
(/usr/local/texlive/2015/texmf-dist/tex/latex/amsfonts/amssymb.sty
Package: amssymb 2013/01/14 v3.01 AMS font symbols

(/usr/local/texlive/2015/texmf-dist/tex/latex/amsfonts/amsfonts.sty
Package: amsfonts 2013/01/14 v3.01 Basic AMSFonts support
\symAMSa=\mathgroup4
\symAMSb=\mathgroup5
LaTeX Font Info:    Overwriting math alphabet `\mathfrak' in version `bold'
(Font)                  U/euf/m/n --> U/euf/b/n on input line 106.
))
(/usr/local/texlive/2015/texmf-dist/tex/latex/amscls/amsthm.sty
Package: amsthm 2015/03/04 v2.20.2
\thm@style=\toks20
\thm@bodyfont=\toks21
\thm@headfont=\toks22
\thm@notefont=\toks23
\thm@headpunct=\toks24
\thm@preskip=\skip47
\thm@postskip=\skip48
\thm@headsep=\skip49
\dth@everypar=\toks25
)
(/usr/local/texlive/2015/texmf-dist/tex/latex/psnfss/times.sty
Package: times 2005/04/12 PSNFSS-v9.2a (SPQR) 
)
(/usr/local/texlive/2015/texmf-dist/tex/latex/psnfss/helvet.sty
Package: helvet 2005/04/12 PSNFSS-v9.2a (WaS) 

(/usr/local/texlive/2015/texmf-dist/tex/latex/graphics/keyval.sty
Package: keyval 2014/10/28 v1.15 key=value parser (DPC)
\KV@toks@=\toks26
))
(/usr/local/texlive/2015/texmf-dist/tex/latex/psnfss/courier.sty
Package: courier 2005/04/12 PSNFSS-v9.2a (WaS) 
)
(/usr/local/texlive/2015/texmf-dist/tex/latex/graphics/graphicx.sty
Package: graphicx 2014/10/28 v1.0g Enhanced LaTeX Graphics (DPC,SPQR)

(/usr/local/texlive/2015/texmf-dist/tex/latex/graphics/graphics.sty
Package: graphics 2014/10/28 v1.0p Standard LaTeX Graphics (DPC,SPQR)

(/usr/local/texlive/2015/texmf-dist/tex/latex/graphics/trig.sty
Package: trig 1999/03/16 v1.09 sin cos tan (DPC)
)
(/usr/local/texlive/2015/texmf-dist/tex/latex/latexconfig/graphics.cfg
File: graphics.cfg 2010/04/23 v1.9 graphics configuration of TeX Live
)
Package graphics Info: Driver file: pdftex.def on input line 94.

(/usr/local/texlive/2015/texmf-dist/tex/latex/pdftex-def/pdftex.def
File: pdftex.def 2011/05/27 v0.06d Graphics/color for pdfTeX

(/usr/local/texlive/2015/texmf-dist/tex/generic/oberdiek/infwarerr.sty
Package: infwarerr 2010/04/08 v1.3 Providing info/warning/error messages (HO)
)
(/usr/local/texlive/2015/texmf-dist/tex/generic/oberdiek/ltxcmds.sty
Package: ltxcmds 2011/11/09 v1.22 LaTeX kernel commands for general use (HO)
)
\Gread@gobject=\count106
))
\Gin@req@height=\dimen136
\Gin@req@width=\dimen137
)
(/usr/local/texlive/2015/texmf-dist/tex/latex/subfigure/subfigure.sty
Package: subfigure 2002/03/15 v2.1.5 subfigure package
\subfigtopskip=\skip50
\subfigcapskip=\skip51
\subfigcaptopadj=\dimen138
\subfigbottomskip=\skip52
\subfigcapmargin=\dimen139
\subfiglabelskip=\skip53
\c@subfigure=\count107
\c@lofdepth=\count108
\c@subtable=\count109
\c@lotdepth=\count110

****************************************
* Local config file subfigure.cfg used *
****************************************
(/usr/local/texlive/2015/texmf-dist/tex/latex/subfigure/subfigure.cfg)
\subfig@top=\skip54
\subfig@bottom=\skip55
)
(/usr/local/texlive/2015/texmf-dist/tex/latex/mdwtools/mdwmath.sty
Package: mdwmath 1996/04/11 1.1 Nice mathematical things
\sq@sqrt=\count111
LaTeX Info: Redefining \sqrt on input line 84.
)
(/usr/local/texlive/2015/texmf-dist/tex/latex/mdwtools/mdwtab.sty
Package: mdwtab 1998/04/28 1.9 Table typesetting with style
\tab@state=\count112
\tab@columns=\count113
\tab@preamble=\toks27
\tab@shortline=\toks28
\extrarowheight=\dimen140
\tabextrasep=\dimen141
\arrayextrasep=\dimen142
\smarraycolsep=\dimen143
\smarrayextrasep=\dimen144
\tab@width=\dimen145
\col@sep=\dimen146
\tab@endheight=\dimen147
\tab@leftskip=\skip56
\tab@rightskip=\skip57
\fn@notes=\box30
\fn@width=\dimen148
)
(/usr/local/texlive/2015/texmf-dist/tex/latex/booktabs/booktabs.sty
Package: booktabs 2005/04/14 v1.61803 publication quality tables
\heavyrulewidth=\dimen149
\lightrulewidth=\dimen150
\cmidrulewidth=\dimen151
\belowrulesep=\dimen152
\belowbottomsep=\dimen153
\aboverulesep=\dimen154
\abovetopsep=\dimen155
\cmidrulesep=\dimen156
\cmidrulekern=\dimen157
\defaultaddspace=\dimen158
\@cmidla=\count114
\@cmidlb=\count115
\@aboverulesep=\dimen159
\@belowrulesep=\dimen160
\@thisruleclass=\count116
\@lastruleclass=\count117
\@thisrulewidth=\dimen161
)
(/usr/local/texlive/2015/texmf-dist/tex/latex/algorithms/algorithm.sty
Package: algorithm 2009/08/24 v0.1 Document Style `algorithm' - floating enviro
nment

(/usr/local/texlive/2015/texmf-dist/tex/latex/float/float.sty
Package: float 2001/11/08 v1.3d Float enhancements (AL)
\c@float@type=\count118
\float@exts=\toks29
\float@box=\box31
\@float@everytoks=\toks30
\@floatcapt=\box32
)
(/usr/local/texlive/2015/texmf-dist/tex/latex/base/ifthen.sty
Package: ifthen 2014/09/29 v1.1c Standard LaTeX ifthen package (DPC)
)
\@float@every@algorithm=\toks31
\c@algorithm=\count119
)
(/usr/local/texlive/2015/texmf-dist/tex/latex/psnfss/pifont.sty
Package: pifont 2005/04/12 PSNFSS-v9.2a Pi font support (SPQR) 
LaTeX Font Info:    Try loading font information for U+pzd on input line 63.

(/usr/local/texlive/2015/texmf-dist/tex/latex/psnfss/upzd.fd
File: upzd.fd 2001/06/04 font definitions for U/pzd.
)
LaTeX Font Info:    Try loading font information for U+psy on input line 64.

(/usr/local/texlive/2015/texmf-dist/tex/latex/psnfss/upsy.fd
File: upsy.fd 2001/06/04 font definitions for U/psy.
))
(/usr/local/texlive/2015/texmf-dist/tex/latex/algorithmicx/algpseudocode.sty
Package: algpseudocode 

(/usr/local/texlive/2015/texmf-dist/tex/latex/algorithmicx/algorithmicx.sty
Package: algorithmicx 2005/04/27 v1.2 Algorithmicx

Document Style algorithmicx 1.2 - a greatly improved `algorithmic' style
\c@ALG@line=\count120
\c@ALG@rem=\count121
\c@ALG@nested=\count122
\ALG@tlm=\skip58
\ALG@thistlm=\skip59
\c@ALG@Lnr=\count123
\c@ALG@blocknr=\count124
\c@ALG@storecount=\count125
\c@ALG@tmpcounter=\count126
\ALG@tmplength=\skip60
)
Document Style - pseudocode environments for use with the `algorithmicx' style
) (/usr/local/texlive/2015/texmf-dist/tex/latex/tools/bm.sty
Package: bm 2014/10/28 v1.1c Bold Symbol Support (DPC/FMi)
\symboldoperators=\mathgroup6
\symboldletters=\mathgroup7
\symboldsymbols=\mathgroup8
LaTeX Font Info:    Redeclaring math alphabet \mathbf on input line 141.
LaTeX Info: Redefining \bm on input line 207.
)
(/usr/local/texlive/2015/texmf-dist/tex/generic/ulem/ulem.sty
\UL@box=\box33
\UL@hyphenbox=\box34
\UL@skip=\skip61
\UL@hook=\toks32
\UL@height=\dimen162
\UL@pe=\count127
\UL@pixel=\dimen163
\ULC@box=\box35
Package: ulem 2012/05/18
\ULdepth=\dimen164
)
(/usr/local/texlive/2015/texmf-dist/tex/latex/multirow/multirow.sty
\bigstrutjot=\dimen165
)
(/usr/local/texlive/2015/texmf-dist/tex/latex/tools/multicol.sty
Package: multicol 2015/03/31 v1.8m multicolumn formatting (FMi)
\c@tracingmulticols=\count128
\mult@box=\box36
\multicol@leftmargin=\dimen166
\c@unbalance=\count129
\c@collectmore=\count130
\doublecol@number=\count131
\multicoltolerance=\count132
\multicolpretolerance=\count133
\full@width=\dimen167
\page@free=\dimen168
\premulticols=\dimen169
\postmulticols=\dimen170
\multicolsep=\skip62
\multicolbaselineskip=\skip63
\partial@page=\box37
\last@line=\box38
\maxbalancingoverflow=\dimen171
\mult@rightbox=\box39
\mult@grightbox=\box40
\mult@gfirstbox=\box41
\mult@firstbox=\box42
\@tempa=\box43
\@tempa=\box44
\@tempa=\box45
\@tempa=\box46
\@tempa=\box47
\@tempa=\box48
\@tempa=\box49
\@tempa=\box50
\@tempa=\box51
\@tempa=\box52
\@tempa=\box53
\@tempa=\box54
\@tempa=\box55
\@tempa=\box56
\@tempa=\box57
\@tempa=\box58
\@tempa=\box59
\c@columnbadness=\count134
\c@finalcolumnbadness=\count135
\last@try=\dimen172
\multicolovershoot=\dimen173
\multicolundershoot=\dimen174
\mult@nat@firstbox=\box60
\colbreak@box=\box61
\mc@col@check@num=\count136
)
(/usr/local/texlive/2015/texmf-dist/tex/latex/threeparttable/threeparttable.sty
Package: threeparttable 2003/06/13  v 3.0
\@tempboxb=\box62
) (/usr/local/texlive/2015/texmf-dist/tex/latex/footmisc/footmisc.sty
Package: footmisc 2011/06/06 v5.5b a miscellany of footnote facilities
\FN@temptoken=\toks33
\footnotemargin=\dimen175
\c@pp@next@reset=\count137
Package footmisc Info: Declaring symbol style bringhurst on input line 855.
Package footmisc Info: Declaring symbol style chicago on input line 863.
Package footmisc Info: Declaring symbol style wiley on input line 872.
Package footmisc Info: Declaring symbol style lamport-robust on input line 883.

Package footmisc Info: Declaring symbol style lamport* on input line 903.
Package footmisc Info: Declaring symbol style lamport*-robust on input line 924
.
)
(/usr/local/texlive/2015/texmf-dist/tex/latex/extarrows/extarrows.sty
Package: extarrows 2008/05/15 v1.0b Some extensible arrows
)
(/usr/local/texlive/2015/texmf-dist/tex/latex/natbib/natbib.sty
Package: natbib 2010/09/13 8.31b (PWD, AO)
\bibhang=\skip64
\bibsep=\skip65
LaTeX Info: Redefining \cite on input line 694.
\c@NAT@ctr=\count138
)
(./bare_conf.aux)
\openout1 = `bare_conf.aux'.

LaTeX Font Info:    Checking defaults for OML/cmm/m/it on input line 54.
LaTeX Font Info:    ... okay on input line 54.
LaTeX Font Info:    Checking defaults for T1/cmr/m/n on input line 54.
LaTeX Font Info:    ... okay on input line 54.
LaTeX Font Info:    Checking defaults for OT1/cmr/m/n on input line 54.
LaTeX Font Info:    ... okay on input line 54.
LaTeX Font Info:    Checking defaults for OMS/cmsy/m/n on input line 54.
LaTeX Font Info:    ... okay on input line 54.
LaTeX Font Info:    Checking defaults for OMX/cmex/m/n on input line 54.
LaTeX Font Info:    ... okay on input line 54.
LaTeX Font Info:    Checking defaults for U/cmr/m/n on input line 54.
LaTeX Font Info:    ... okay on input line 54.

-- Lines per column: 56 (exact).
(/usr/local/texlive/2015/texmf-dist/tex/context/base/supp-pdf.mkii
[Loading MPS to PDF converter (version 2006.09.02).]
\scratchcounter=\count139
\scratchdimen=\dimen176
\scratchbox=\box63
\nofMPsegments=\count140
\nofMParguments=\count141
\everyMPshowfont=\toks34
\MPscratchCnt=\count142
\MPscratchDim=\dimen177
\MPnumerator=\count143
\makeMPintoPDFobject=\count144
\everyMPtoPDFconversion=\toks35
) (/usr/local/texlive/2015/texmf-dist/tex/generic/oberdiek/pdftexcmds.sty
Package: pdftexcmds 2011/11/29 v0.20 Utility functions of pdfTeX for LuaTeX (HO
)

(/usr/local/texlive/2015/texmf-dist/tex/generic/oberdiek/ifluatex.sty
Package: ifluatex 2010/03/01 v1.3 Provides the ifluatex switch (HO)
Package ifluatex Info: LuaTeX not detected.
)
(/usr/local/texlive/2015/texmf-dist/tex/generic/oberdiek/ifpdf.sty
Package: ifpdf 2011/01/30 v2.3 Provides the ifpdf switch (HO)
Package ifpdf Info: pdfTeX in PDF mode is detected.
)
Package pdftexcmds Info: LuaTeX not detected.
Package pdftexcmds Info: \pdf@primitive is available.
Package pdftexcmds Info: \pdf@ifprimitive is available.
Package pdftexcmds Info: \pdfdraftmode found.
)
(/usr/local/texlive/2015/texmf-dist/tex/latex/oberdiek/epstopdf-base.sty
Package: epstopdf-base 2010/02/09 v2.5 Base part for package epstopdf

(/usr/local/texlive/2015/texmf-dist/tex/latex/oberdiek/grfext.sty
Package: grfext 2010/08/19 v1.1 Manage graphics extensions (HO)

(/usr/local/texlive/2015/texmf-dist/tex/generic/oberdiek/kvdefinekeys.sty
Package: kvdefinekeys 2011/04/07 v1.3 Define keys (HO)
))
(/usr/local/texlive/2015/texmf-dist/tex/latex/oberdiek/kvoptions.sty
Package: kvoptions 2011/06/30 v3.11 Key value format for package options (HO)

(/usr/local/texlive/2015/texmf-dist/tex/generic/oberdiek/kvsetkeys.sty
Package: kvsetkeys 2012/04/25 v1.16 Key value parser (HO)

(/usr/local/texlive/2015/texmf-dist/tex/generic/oberdiek/etexcmds.sty
Package: etexcmds 2011/02/16 v1.5 Avoid name clashes with e-TeX commands (HO)
Package etexcmds Info: Could not find \expanded.
(etexcmds)             That can mean that you are not using pdfTeX 1.50 or
(etexcmds)             that some package has redefined \expanded.
(etexcmds)             In the latter case, load this package earlier.
)))
Package grfext Info: Graphics extension search list:
(grfext)             [.png,.pdf,.jpg,.mps,.jpeg,.jbig2,.jb2,.PNG,.PDF,.JPG,.JPE
G,.JBIG2,.JB2,.eps]
(grfext)             \AppendGraphicsExtensions on input line 452.

(/usr/local/texlive/2015/texmf-dist/tex/latex/latexconfig/epstopdf-sys.cfg
File: epstopdf-sys.cfg 2010/07/13 v1.3 Configuration of (r)epstopdf for TeX Liv
e
))
LaTeX Font Info:    Font shape `OT1/ptm/bx/sc' in size <9> not available
(Font)              Font shape `OT1/ptm/b/sc' tried instead on input line 133.
LaTeX Font Info:    Try loading font information for U+msa on input line 155.

(/usr/local/texlive/2015/texmf-dist/tex/latex/amsfonts/umsa.fd
File: umsa.fd 2013/01/14 v3.01 AMS symbols A
)
LaTeX Font Info:    Try loading font information for U+msb on input line 155.

(/usr/local/texlive/2015/texmf-dist/tex/latex/amsfonts/umsb.fd
File: umsb.fd 2013/01/14 v3.01 AMS symbols B
)
Overfull \vbox (2.14012pt too high) has occurred while \output is active []


[1{/usr/local/texlive/2015/texmf-var/fonts/map/pdftex/updmap/pdftex.map}


]
[2]
Underfull \hbox (badness 5245) in paragraph at lines 300--301
[]\OT1/ptm/m/n/10 Comparing with the vari-ants of SVRG such as
 []


Overfull \vbox (1.30963pt too high) has occurred while \output is active []


[3] <cm_w8a01.pdf, id=26, 578.16pt x 433.62pt>
File: cm_w8a01.pdf Graphic file (type pdf)
 <use cm_w8a01.pdf>
Package pdftex.def Info: cm_w8a01.pdf used on input line 386.
(pdftex.def)             Requested size: 126.0pt x 94.49684pt.

<cm_mushrooms01.pdf, id=27, 578.16pt x 433.62pt>
File: cm_mushrooms01.pdf Graphic file (type pdf)
 <use cm_mushrooms01.pdf>
Package pdftex.def Info: cm_mushrooms01.pdf used on input line 387.
(pdftex.def)             Requested size: 126.0pt x 94.49684pt.

<cm_abalone_scale01.pdf, id=28, 578.16pt x 433.62pt>
File: cm_abalone_scale01.pdf Graphic file (type pdf)

<use cm_abalone_scale01.pdf>
Package pdftex.def Info: cm_abalone_scale01.pdf used on input line 388.
(pdftex.def)             Requested size: 126.0pt x 94.49684pt.
 <cm_mg_scale01.pdf, id=29, 578.16pt x 433.62pt>
File: cm_mg_scale01.pdf Graphic file (type pdf)

<use cm_mg_scale01.pdf>
Package pdftex.def Info: cm_mg_scale01.pdf used on input line 389.
(pdftex.def)             Requested size: 126.0pt x 94.49684pt.

Overfull \vbox (18.87164pt too high) has occurred while \output is active []


[4] <ijcnn105.pdf, id=34, 578.16pt x 433.62pt>
File: ijcnn105.pdf Graphic file (type pdf)
 <use ijcnn105.pdf>
Package pdftex.def Info: ijcnn105.pdf used on input line 439.
(pdftex.def)             Requested size: 126.0pt x 94.49684pt.

<ijcnn1005.pdf, id=35, 578.16pt x 433.62pt>
File: ijcnn1005.pdf Graphic file (type pdf)
 <use ijcnn1005.pdf>
Package pdftex.def Info: ijcnn1005.pdf used on input line 440.
(pdftex.def)             Requested size: 126.0pt x 94.49684pt.

<ijcnn1001.pdf, id=36, 578.16pt x 433.62pt>
File: ijcnn1001.pdf Graphic file (type pdf)
 <use ijcnn1001.pdf>
Package pdftex.def Info: ijcnn1001.pdf used on input line 441.
(pdftex.def)             Requested size: 126.0pt x 94.49684pt.

<ijcnn10001.pdf, id=37, 578.16pt x 433.62pt>
File: ijcnn10001.pdf Graphic file (type pdf)
 <use ijcnn10001.pdf>
Package pdftex.def Info: ijcnn10001.pdf used on input line 442.
(pdftex.def)             Requested size: 126.0pt x 94.49684pt.

<a9a03.pdf, id=38, 578.16pt x 433.62pt>
File: a9a03.pdf Graphic file (type pdf)
 <use a9a03.pdf>
Package pdftex.def Info: a9a03.pdf used on input line 450.
(pdftex.def)             Requested size: 126.0pt x 94.49684pt.

<a9a005.pdf, id=39, 578.16pt x 433.62pt>
File: a9a005.pdf Graphic file (type pdf)
 <use a9a005.pdf>
Package pdftex.def Info: a9a005.pdf used on input line 451.
(pdftex.def)             Requested size: 126.0pt x 94.49684pt.

<a9a002.pdf, id=40, 578.16pt x 433.62pt>
File: a9a002.pdf Graphic file (type pdf)
 <use a9a002.pdf>
Package pdftex.def Info: a9a002.pdf used on input line 452.
(pdftex.def)             Requested size: 126.0pt x 94.49684pt.

<a9a0001.pdf, id=41, 578.16pt x 433.62pt>
File: a9a0001.pdf Graphic file (type pdf)
 <use a9a0001.pdf>
Package pdftex.def Info: a9a0001.pdf used on input line 453.
(pdftex.def)             Requested size: 126.0pt x 94.49684pt.

<Year_scale001.pdf, id=42, 578.16pt x 433.62pt>
File: Year_scale001.pdf Graphic file (type pdf)
 <use Year_scale001.pdf>
Package pdftex.def Info: Year_scale001.pdf used on input line 460.
(pdftex.def)             Requested size: 126.0pt x 94.49684pt.

<Year_scale0005.pdf, id=43, 578.16pt x 433.62pt>
File: Year_scale0005.pdf Graphic file (type pdf)
 <use Year_scale0005.pdf>
Package pdftex.def Info: Year_scale0005.pdf used on input line 461.
(pdftex.def)             Requested size: 126.0pt x 94.49684pt.

<Year_scale0002.pdf, id=44, 578.16pt x 433.62pt>
File: Year_scale0002.pdf Graphic file (type pdf)
 <use Year_scale0002.pdf>
Package pdftex.def Info: Year_scale0002.pdf used on input line 462.
(pdftex.def)             Requested size: 126.0pt x 94.49684pt.

<Year_scale00001.pdf, id=45, 578.16pt x 433.62pt>
File: Year_scale00001.pdf Graphic file (type pdf)
 <use Year_scale00001.pdf>
Package pdftex.def Info: Year_scale00001.pdf used on input line 463.
(pdftex.def)             Requested size: 126.0pt x 94.49684pt.

<cadata01.pdf, id=46, 578.16pt x 433.62pt>
File: cadata01.pdf Graphic file (type pdf)
 <use cadata01.pdf>
Package pdftex.def Info: cadata01.pdf used on input line 470.
(pdftex.def)             Requested size: 126.0pt x 94.49684pt.

<cadata005.pdf, id=47, 578.16pt x 433.62pt>
File: cadata005.pdf Graphic file (type pdf)
 <use cadata005.pdf>
Package pdftex.def Info: cadata005.pdf used on input line 471.
(pdftex.def)             Requested size: 126.0pt x 94.49684pt.

<cadata002.pdf, id=48, 578.16pt x 433.62pt>
File: cadata002.pdf Graphic file (type pdf)
 <use cadata002.pdf>
Package pdftex.def Info: cadata002.pdf used on input line 472.
(pdftex.def)             Requested size: 126.0pt x 94.49684pt.

<cadata0001.pdf, id=49, 578.16pt x 433.62pt>
File: cadata0001.pdf Graphic file (type pdf)
 <use cadata0001.pdf>
Package pdftex.def Info: cadata0001.pdf used on input line 473.
(pdftex.def)             Requested size: 126.0pt x 94.49684pt.

<m0a9a02.pdf, id=50, 578.16pt x 433.62pt>
File: m0a9a02.pdf Graphic file (type pdf)
 <use m0a9a02.pdf>
Package pdftex.def Info: m0a9a02.pdf used on input line 481.
(pdftex.def)             Requested size: 126.0pt x 94.49684pt.

<m0a9a02+.pdf, id=51, 578.16pt x 433.62pt>
File: m0a9a02+.pdf Graphic file (type pdf)
 <use m0a9a02+.pdf>
Package pdftex.def Info: m0a9a02+.pdf used on input line 482.
(pdftex.def)             Requested size: 126.0pt x 94.49684pt.

<m0abalone01.pdf, id=52, 578.16pt x 433.62pt>
File: m0abalone01.pdf Graphic file (type pdf)
 <use m0abalone01.pdf>
Package pdftex.def Info: m0abalone01.pdf used on input line 483.
(pdftex.def)             Requested size: 126.0pt x 94.49684pt.

<m0abalone01+.pdf, id=53, 578.16pt x 433.62pt>
File: m0abalone01+.pdf Graphic file (type pdf)
 <use m0abalone01+.pdf>
Package pdftex.def Info: m0abalone01+.pdf used on input line 484.
(pdftex.def)             Requested size: 126.0pt x 94.49684pt.

Overfull \vbox (2.81041pt too high) has occurred while \output is active []


[5 <./cm_w8a01.pdf> <./cm_mushrooms01.pdf

pdfTeX warning: /Library/TeX/texbin/pdflatex (file ./cm_mushrooms01.pdf): PDF i
nclusion: multiple pdfs with page group included in a single page
> <./cm_abalone_scale01.pdf

pdfTeX warning: /Library/TeX/texbin/pdflatex (file ./cm_abalone_scale01.pdf): P
DF inclusion: multiple pdfs with page group included in a single page
> <./cm_mg_scale01.pdf

pdfTeX warning: /Library/TeX/texbin/pdflatex (file ./cm_mg_scale01.pdf): PDF in
clusion: multiple pdfs with page group included in a single page
>] [6 <./ijcnn105.pdf> <./ijcnn1005.pdf

pdfTeX warning: /Library/TeX/texbin/pdflatex (file ./ijcnn1005.pdf): PDF inclus
ion: multiple pdfs with page group included in a single page
> <./ijcnn1001.pdf

pdfTeX warning: /Library/TeX/texbin/pdflatex (file ./ijcnn1001.pdf): PDF inclus
ion: multiple pdfs with page group included in a single page
> <./ijcnn10001.pdf

pdfTeX warning: /Library/TeX/texbin/pdflatex (file ./ijcnn10001.pdf): PDF inclu
sion: multiple pdfs with page group included in a single page
> <./a9a03.pdf

pdfTeX warning: /Library/TeX/texbin/pdflatex (file ./a9a03.pdf): PDF inclusion:
 multiple pdfs with page group included in a single page
> <./a9a005.pdf

pdfTeX warning: /Library/TeX/texbin/pdflatex (file ./a9a005.pdf): PDF inclusion
: multiple pdfs with page group included in a single page
> <./a9a002.pdf

pdfTeX warning: /Library/TeX/texbin/pdflatex (file ./a9a002.pdf): PDF inclusion
: multiple pdfs with page group included in a single page
> <./a9a0001.pdf

pdfTeX warning: /Library/TeX/texbin/pdflatex (file ./a9a0001.pdf): PDF inclusio
n: multiple pdfs with page group included in a single page
> <./Year_scale001.pdf

pdfTeX warning: /Library/TeX/texbin/pdflatex (file ./Year_scale001.pdf): PDF in
clusion: multiple pdfs with page group included in a single page
> <./Year_scale0005.pdf

pdfTeX warning: /Library/TeX/texbin/pdflatex (file ./Year_scale0005.pdf): PDF i
nclusion: multiple pdfs with page group included in a single page
> <./Year_scale0002.pdf

pdfTeX warning: /Library/TeX/texbin/pdflatex (file ./Year_scale0002.pdf): PDF i
nclusion: multiple pdfs with page group included in a single page
> <./Year_scale00001.pdf

pdfTeX warning: /Library/TeX/texbin/pdflatex (file ./Year_scale00001.pdf): PDF 
inclusion: multiple pdfs with page group included in a single page
>] (./bare_conf.bbl [7 <./cadata01.pdf> <./cadata005.pdf

pdfTeX warning: /Library/TeX/texbin/pdflatex (file ./cadata005.pdf): PDF inclus
ion: multiple pdfs with page group included in a single page
> <./cadata002.pdf

pdfTeX warning: /Library/TeX/texbin/pdflatex (file ./cadata002.pdf): PDF inclus
ion: multiple pdfs with page group included in a single page
> <./cadata0001.pdf

pdfTeX warning: /Library/TeX/texbin/pdflatex (file ./cadata0001.pdf): PDF inclu
sion: multiple pdfs with page group included in a single page
> <./m0a9a02.pdf

pdfTeX warning: /Library/TeX/texbin/pdflatex (file ./m0a9a02.pdf): PDF inclusio
n: multiple pdfs with page group included in a single page
> <./m0a9a02+.pdf

pdfTeX warning: /Library/TeX/texbin/pdflatex (file ./m0a9a02+.pdf): PDF inclusi
on: multiple pdfs with page group included in a single page
> <./m0abalone01.pdf

pdfTeX warning: /Library/TeX/texbin/pdflatex (file ./m0abalone01.pdf): PDF incl
usion: multiple pdfs with page group included in a single page
> <./m0abalone01+.pdf

pdfTeX warning: /Library/TeX/texbin/pdflatex (file ./m0abalone01+.pdf): PDF inc
lusion: multiple pdfs with page group included in a single page
>]
Missing character: There is no Ã in font ptmr7t!
Missing character: There is no © in font ptmr7t!
)

** Conference Paper **
Before submitting the final camera ready copy, remember to:

 1. Manually equalize the lengths of two columns on the last page
 of your paper;

 2. Ensure that any PostScript and/or PDF output post-processing
 uses only Type 1 fonts and that every step in the generation
 process uses the appropriate paper size.


Overfull \vbox (1.09497pt too high) has occurred while \output is active []


[8] (./bare_conf.aux) ) 
Here is how much of TeX's memory you used:
 5557 strings out of 493089
 81550 string characters out of 6134842
 193094 words of memory out of 5000000
 8863 multiletter control sequences out of 15000+600000
 50468 words of font info for 108 fonts, out of 8000000 for 9000
 1144 hyphenation exceptions out of 8191
 38i,16n,26p,1443b,261s stack positions out of 5000i,500n,10000p,200000b,80000s
{/usr/local/texlive/2015/texmf-dist/fonts/enc/dvips/base
/8r.enc}</usr/local/texlive/2015/texmf-dist/fonts/type1/public/amsfonts/cm/cmex
10.pfb></usr/local/texlive/2015/texmf-dist/fonts/type1/public/amsfonts/cm/cmmi1
0.pfb></usr/local/texlive/2015/texmf-dist/fonts/type1/public/amsfonts/cm/cmmi5.
pfb></usr/local/texlive/2015/texmf-dist/fonts/type1/public/amsfonts/cm/cmmi7.pf
b></usr/local/texlive/2015/texmf-dist/fonts/type1/public/amsfonts/cm/cmmi8.pfb>
</usr/local/texlive/2015/texmf-dist/fonts/type1/public/amsfonts/cm/cmr10.pfb></
usr/local/texlive/2015/texmf-dist/fonts/type1/public/amsfonts/cm/cmr12.pfb></us
r/local/texlive/2015/texmf-dist/fonts/type1/public/amsfonts/cm/cmr17.pfb></usr/
local/texlive/2015/texmf-dist/fonts/type1/public/amsfonts/cm/cmr5.pfb></usr/loc
al/texlive/2015/texmf-dist/fonts/type1/public/amsfonts/cm/cmr6.pfb></usr/local/
texlive/2015/texmf-dist/fonts/type1/public/amsfonts/cm/cmr7.pfb></usr/local/tex
live/2015/texmf-dist/fonts/type1/public/amsfonts/cm/cmr8.pfb></usr/local/texliv
e/2015/texmf-dist/fonts/type1/public/amsfonts/cm/cmsy10.pfb></usr/local/texlive
/2015/texmf-dist/fonts/type1/public/amsfonts/cm/cmsy6.pfb></usr/local/texlive/2
015/texmf-dist/fonts/type1/public/amsfonts/cm/cmsy7.pfb></usr/local/texlive/201
5/texmf-dist/fonts/type1/public/amsfonts/cm/cmsy8.pfb></usr/local/texlive/2015/
texmf-dist/fonts/type1/public/amsfonts/symbols/msbm10.pfb></usr/local/texlive/2
015/texmf-dist/fonts/type1/urw/helvetic/uhvr8a.pfb></usr/local/texlive/2015/tex
mf-dist/fonts/type1/urw/times/utmb8a.pfb></usr/local/texlive/2015/texmf-dist/fo
nts/type1/urw/times/utmbi8a.pfb></usr/local/texlive/2015/texmf-dist/fonts/type1
/urw/times/utmr8a.pfb></usr/local/texlive/2015/texmf-dist/fonts/type1/urw/times
/utmri8a.pfb>
Output written on bare_conf.pdf (8 pages, 484539 bytes).
PDF statistics:
 668 PDF objects out of 1000 (max. 8388607)
 400 compressed objects within 4 object streams
 0 named destinations out of 1000 (max. 500000)
 121 words of extra memory for PDF output out of 10000 (max. 10000000)

